<?xml version="1.0" encoding="UTF-8"?>
<testsuite name="co.com.certificacion.demoblaze.runners.Registro" tests="0" skipped="0" failures="0" errors="0" timestamp="1970-01-01T00:00:00" hostname="DESKTOP-QTT1IDI" time="0.0">
  <properties/>
  <system-out><![CDATA[
2 Scenarios (?[32m2 passed?[0m)
7 Steps (?[32m7 passed?[0m)
0m30,828s

]]></system-out>
  <system-err><![CDATA[SLF4J: Failed to load class "org.slf4j.impl.StaticLoggerBinder".
SLF4J: Defaulting to no-operation (NOP) logger implementation
SLF4J: See http://www.slf4j.org/codes.html#StaticLoggerBinder for further details.
]]></system-err>
</testsuite>
