<?xml version="1.0" encoding="UTF-8"?>
<testsuite name="DemoBlaze" tests="2" skipped="0" failures="0" errors="0" timestamp="2022-04-05T05:28:05" hostname="DESKTOP-QTT1IDI" time="30.304">
  <properties/>
  <testcase name="Registro exitoso" classname="DemoBlaze" time="18.435"/>
  <testcase name="Registro carrito" classname="DemoBlaze" time="11.85"/>
  <system-out><![CDATA[]]></system-out>
  <system-err><![CDATA[abr 05, 2022 12:28:06 AM org.openqa.selenium.remote.DesiredCapabilities chrome
INFORMACIÓN: Using `new ChromeOptions()` is preferred to `DesiredCapabilities.chrome()`
Starting ChromeDriver 100.0.4896.60 (6a5d10861ce8de5fce22564658033b43cb7de047-refs/branch-heads/4896@{#875}) on port 42191
Only local connections are allowed.
Please see https://chromedriver.chromium.org/security-considerations for suggestions on keeping ChromeDriver safe.
ChromeDriver was started successfully.
abr 05, 2022 12:28:09 AM org.openqa.selenium.remote.ProtocolHandshake createSession
INFORMACIÓN: Detected dialect: W3C
abr 05, 2022 12:28:23 AM org.openqa.selenium.remote.DesiredCapabilities chrome
INFORMACIÓN: Using `new ChromeOptions()` is preferred to `DesiredCapabilities.chrome()`
Starting ChromeDriver 100.0.4896.60 (6a5d10861ce8de5fce22564658033b43cb7de047-refs/branch-heads/4896@{#875}) on port 11536
Only local connections are allowed.
Please see https://chromedriver.chromium.org/security-considerations for suggestions on keeping ChromeDriver safe.
ChromeDriver was started successfully.
abr 05, 2022 12:28:25 AM org.openqa.selenium.remote.ProtocolHandshake createSession
INFORMACIÓN: Detected dialect: W3C
]]></system-err>
</testsuite>
